<?xml version="1.0" encoding="UTF-8"?>
<testsuite name="pl.edu.pjwstk.jaz.EditTest" tests="2" skipped="0" failures="0" errors="0" timestamp="2021-02-05T11:59:52" hostname="debian" time="0.707">
  <properties/>
  <testcase name="authorShouldBeAbleToEditAuction" classname="pl.edu.pjwstk.jaz.EditTest" time="0.385"/>
  <testcase name="otherUserShouldNotBeAbleToEditAuction" classname="pl.edu.pjwstk.jaz.EditTest" time="0.32"/>
  <system-out><![CDATA[2021-02-05 12:59:51.012  INFO 27862 --- [    Test worker] o.s.t.c.s.DefaultTestContextBootstrapper : Neither @ContextConfiguration nor @ContextHierarchy found for test class [pl.edu.pjwstk.jaz.EditTest], using DelegatingSmartContextLoader
2021-02-05 12:59:51.013  INFO 27862 --- [    Test worker] o.s.t.c.support.AbstractContextLoader    : Could not detect default resource locations for test class [pl.edu.pjwstk.jaz.EditTest]: no resource found for suffixes {-context.xml, Context.groovy}.
2021-02-05 12:59:51.013  INFO 27862 --- [    Test worker] t.c.s.AnnotationConfigContextLoaderUtils : Could not detect default configuration classes for test class [pl.edu.pjwstk.jaz.EditTest]: EditTest does not declare any static, non-private, non-final, nested classes annotated with @Configuration.
2021-02-05 12:59:51.015  INFO 27862 --- [    Test worker] o.s.t.c.s.DefaultTestContextBootstrapper : Loaded default TestExecutionListener class names from location [META-INF/spring.factories]: [org.springframework.boot.test.autoconfigure.restdocs.RestDocsTestExecutionListener, org.springframework.boot.test.autoconfigure.web.client.MockRestServiceServerResetTestExecutionListener, org.springframework.boot.test.autoconfigure.web.servlet.MockMvcPrintOnlyOnFailureTestExecutionListener, org.springframework.boot.test.autoconfigure.web.servlet.WebDriverTestExecutionListener, org.springframework.boot.test.autoconfigure.webservices.client.MockWebServiceServerTestExecutionListener, org.springframework.boot.test.mock.mockito.MockitoTestExecutionListener, org.springframework.boot.test.mock.mockito.ResetMocksTestExecutionListener, org.springframework.test.context.web.ServletTestExecutionListener, org.springframework.test.context.support.DirtiesContextBeforeModesTestExecutionListener, org.springframework.test.context.support.DependencyInjectionTestExecutionListener, org.springframework.test.context.support.DirtiesContextTestExecutionListener, org.springframework.test.context.transaction.TransactionalTestExecutionListener, org.springframework.test.context.jdbc.SqlScriptsTestExecutionListener, org.springframework.test.context.event.EventPublishingTestExecutionListener]
2021-02-05 12:59:51.016  INFO 27862 --- [    Test worker] o.s.t.c.s.DefaultTestContextBootstrapper : Using TestExecutionListeners: [org.springframework.test.context.web.ServletTestExecutionListener@6ad6f1cd, org.springframework.test.context.support.DirtiesContextBeforeModesTestExecutionListener@2413f26b, org.springframework.boot.test.mock.mockito.MockitoTestExecutionListener@144e88c, org.springframework.test.context.support.DependencyInjectionTestExecutionListener@7f1c7511, org.springframework.test.context.support.DirtiesContextTestExecutionListener@2219aba6, org.springframework.test.context.transaction.TransactionalTestExecutionListener@19229524, org.springframework.test.context.jdbc.SqlScriptsTestExecutionListener@3f841e04, org.springframework.test.context.event.EventPublishingTestExecutionListener@232c4018, org.springframework.boot.test.autoconfigure.restdocs.RestDocsTestExecutionListener@4c078b40, org.springframework.boot.test.autoconfigure.web.client.MockRestServiceServerResetTestExecutionListener@4181ac51, org.springframework.boot.test.autoconfigure.web.servlet.MockMvcPrintOnlyOnFailureTestExecutionListener@5e6afe5b, org.springframework.boot.test.autoconfigure.web.servlet.WebDriverTestExecutionListener@1f87590e, org.springframework.boot.test.autoconfigure.webservices.client.MockWebServiceServerTestExecutionListener@6f2a9c35, org.springframework.boot.test.mock.mockito.ResetMocksTestExecutionListener@230556a5]
Parameter with key: klucz7 already exists
Parameter with key: klucz1 already exists
Parameter with key: klucz7 already exists
Parameter with key: klucz1 already exists
]]></system-out>
  <system-err><![CDATA[]]></system-err>
</testsuite>
