<?xml version="1.0" encoding="UTF-8"?>
<testsuite name="pl.edu.pjwstk.jaz.ExampleTest" tests="1" skipped="0" failures="0" errors="0" timestamp="2021-02-05T11:59:53" hostname="debian" time="0.015">
  <properties/>
  <testcase name="should_respond_to_readiness_request" classname="pl.edu.pjwstk.jaz.ExampleTest" time="0.015"/>
  <system-out><![CDATA[2021-02-05 12:59:53.293  INFO 27862 --- [    Test worker] .b.t.c.SpringBootTestContextBootstrapper : Neither @ContextConfiguration nor @ContextHierarchy found for test class [pl.edu.pjwstk.jaz.ExampleTest], using SpringBootContextLoader
2021-02-05 12:59:53.299  INFO 27862 --- [    Test worker] o.s.t.c.support.AbstractContextLoader    : Could not detect default resource locations for test class [pl.edu.pjwstk.jaz.ExampleTest]: no resource found for suffixes {-context.xml, Context.groovy}.
2021-02-05 12:59:53.299  INFO 27862 --- [    Test worker] t.c.s.AnnotationConfigContextLoaderUtils : Could not detect default configuration classes for test class [pl.edu.pjwstk.jaz.ExampleTest]: ExampleTest does not declare any static, non-private, non-final, nested classes annotated with @Configuration.
2021-02-05 12:59:53.308  INFO 27862 --- [    Test worker] .b.t.c.SpringBootTestContextBootstrapper : Found @SpringBootConfiguration pl.edu.pjwstk.jaz.App for test class pl.edu.pjwstk.jaz.ExampleTest
2021-02-05 12:59:53.310  INFO 27862 --- [    Test worker] .b.t.c.SpringBootTestContextBootstrapper : Loaded default TestExecutionListener class names from location [META-INF/spring.factories]: [org.springframework.boot.test.autoconfigure.restdocs.RestDocsTestExecutionListener, org.springframework.boot.test.autoconfigure.web.client.MockRestServiceServerResetTestExecutionListener, org.springframework.boot.test.autoconfigure.web.servlet.MockMvcPrintOnlyOnFailureTestExecutionListener, org.springframework.boot.test.autoconfigure.web.servlet.WebDriverTestExecutionListener, org.springframework.boot.test.autoconfigure.webservices.client.MockWebServiceServerTestExecutionListener, org.springframework.boot.test.mock.mockito.MockitoTestExecutionListener, org.springframework.boot.test.mock.mockito.ResetMocksTestExecutionListener, org.springframework.test.context.web.ServletTestExecutionListener, org.springframework.test.context.support.DirtiesContextBeforeModesTestExecutionListener, org.springframework.test.context.support.DependencyInjectionTestExecutionListener, org.springframework.test.context.support.DirtiesContextTestExecutionListener, org.springframework.test.context.transaction.TransactionalTestExecutionListener, org.springframework.test.context.jdbc.SqlScriptsTestExecutionListener, org.springframework.test.context.event.EventPublishingTestExecutionListener]
2021-02-05 12:59:53.311  INFO 27862 --- [    Test worker] .b.t.c.SpringBootTestContextBootstrapper : Using TestExecutionListeners: [org.springframework.test.context.web.ServletTestExecutionListener@63be53e3, org.springframework.test.context.support.DirtiesContextBeforeModesTestExecutionListener@2cbab2c0, org.springframework.boot.test.mock.mockito.MockitoTestExecutionListener@74d25e34, org.springframework.boot.test.autoconfigure.SpringBootDependencyInjectionTestExecutionListener@3722b4fc, org.springframework.test.context.support.DirtiesContextTestExecutionListener@2612c8b0, org.springframework.test.context.transaction.TransactionalTestExecutionListener@5f474200, org.springframework.test.context.jdbc.SqlScriptsTestExecutionListener@39828422, org.springframework.test.context.event.EventPublishingTestExecutionListener@1ba552ba, org.springframework.boot.test.autoconfigure.restdocs.RestDocsTestExecutionListener@2bc25e36, org.springframework.boot.test.autoconfigure.web.client.MockRestServiceServerResetTestExecutionListener@4e705e0c, org.springframework.boot.test.autoconfigure.web.servlet.MockMvcPrintOnlyOnFailureTestExecutionListener@63fe6074, org.springframework.boot.test.autoconfigure.web.servlet.WebDriverTestExecutionListener@527fde33, org.springframework.boot.test.autoconfigure.webservices.client.MockWebServiceServerTestExecutionListener@6bf519a4, org.springframework.boot.test.mock.mockito.ResetMocksTestExecutionListener@27b9aae8, pl.edu.pjwstk.jaz.RestAssurePortListener@37d483ab, pl.edu.pjwstk.jaz.TestContextHolder@1b764d24]
]]></system-out>
  <system-err><![CDATA[]]></system-err>
</testsuite>
